# JRE version: OpenJDK Runtime Environment (11.0.13) (build 11.0.13+0-b1751.21-8125866)
# Java VM: OpenJDK 64-Bit Server VM (11.0.13+0-b1751.21-8125866, mixed mode, tiered, compressed oops, g1 gc, windows-amd64)
Heap:
 garbage-first heap   total 262144K, used 207453K [0x0000000080000000, 0x0000000100000000)
  region size 1024K, 8 young (8192K), 1 survivors (1024K)
 Metaspace       used 124882K, capacity 127999K, committed 128176K, reserved 1161216K
  class space    used 15453K, capacity 16618K, committed 16640K, reserved 1048576K
GC Heap History (20 events):
Event: 9.608 GC heap before
{Heap before GC invocations=25 (full 0):
 garbage-first heap   total 262144K, used 217948K [0x0000000080000000, 0x0000000100000000)
  region size 1024K, 60 young (61440K), 6 survivors (6144K)
 Metaspace       used 111179K, capacity 113890K, committed 114096K, reserved 1148928K
  class space    used 14094K, capacity 15095K, committed 15104K, reserved 1048576K
}
Event: 9.612 GC heap after
{Heap after GC invocations=26 (full 0):
 garbage-first heap   total 262144K, used 165888K [0x0000000080000000, 0x0000000100000000)
  region size 1024K, 7 young (7168K), 7 survivors (7168K)
 Metaspace       used 111179K, capacity 113890K, committed 114096K, reserved 1148928K
  class space    used 14094K, capacity 15095K, committed 15104K, reserved 1048576K
}
Event: 366.057 GC heap before
{Heap before GC invocations=27 (full 0):
 garbage-first heap   total 262144K, used 220160K [0x0000000080000000, 0x0000000100000000)
  region size 1024K, 61 young (62464K), 7 survivors (7168K)
 Metaspace       used 116258K, capacity 118953K, committed 119216K, reserved 1153024K
  class space    used 14540K, capacity 15529K, committed 15616K, reserved 1048576K
}
Event: 366.060 GC heap after
{Heap after GC invocations=28 (full 0):
 garbage-first heap   total 262144K, used 167253K [0x0000000080000000, 0x0000000100000000)
  region size 1024K, 5 young (5120K), 5 survivors (5120K)
 Metaspace       used 116258K, capacity 118953K, committed 119216K, reserved 1153024K
  class space    used 14540K, capacity 15529K, committed 15616K, reserved 1048576K
}
Event: 729.005 GC heap before
{Heap before GC invocations=28 (full 0):
 garbage-first heap   total 262144K, used 221525K [0x0000000080000000, 0x0000000100000000)
  region size 1024K, 59 young (60416K), 5 survivors (5120K)
 Metaspace       used 117529K, capacity 120423K, committed 120624K, reserved 1155072K
  class space    used 14641K, capacity 15679K, committed 15744K, reserved 1048576K
}
Event: 729.020 GC heap after
{Heap after GC invocations=29 (full 0):
 garbage-first heap   total 262144K, used 172997K [0x0000000080000000, 0x0000000100000000)
  region size 1024K, 7 young (7168K), 7 survivors (7168K)
 Metaspace       used 117529K, capacity 120423K, committed 120624K, reserved 1155072K
  class space    used 14641K, capacity 15679K, committed 15744K, reserved 1048576K
}
Event: 729.376 GC heap before
{Heap before GC invocations=30 (full 0):
 garbage-first heap   total 262144K, used 222149K [0x0000000080000000, 0x0000000100000000)
  region size 1024K, 56 young (57344K), 7 survivors (7168K)
 Metaspace       used 119868K, capacity 122889K, committed 123056K, reserved 1157120K
  class space    used 14975K, capacity 16047K, committed 16128K, reserved 1048576K
}
Event: 729.383 GC heap after
{Heap after GC invocations=31 (full 0):
 garbage-first heap   total 262144K, used 176567K [0x0000000080000000, 0x0000000100000000)
  region size 1024K, 4 young (4096K), 4 survivors (4096K)
 Metaspace       used 119868K, capacity 122889K, committed 123056K, reserved 1157120K
  class space    used 14975K, capacity 16047K, committed 16128K, reserved 1048576K
}
Event: 729.763 GC heap before
{Heap before GC invocations=31 (full 0):
 garbage-first heap   total 262144K, used 218551K [0x0000000080000000, 0x0000000100000000)
  region size 1024K, 47 young (48128K), 4 survivors (4096K)
 Metaspace       used 121229K, capacity 124272K, committed 124464K, reserved 1157120K
  class space    used 15113K, capacity 16231K, committed 16256K, reserved 1048576K
}
Event: 729.780 GC heap after
{Heap after GC invocations=32 (full 0):
 garbage-first heap   total 262144K, used 185562K [0x0000000080000000, 0x0000000100000000)
  region size 1024K, 7 young (7168K), 7 survivors (7168K)
 Metaspace       used 121229K, capacity 124272K, committed 124464K, reserved 1157120K
  class space    used 15113K, capacity 16231K, committed 16256K, reserved 1048576K
}
Event: 730.073 GC heap before
{Heap before GC invocations=33 (full 0):
 garbage-first heap   total 262144K, used 223450K [0x0000000080000000, 0x0000000100000000)
  region size 1024K, 42 young (43008K), 7 survivors (7168K)
 Metaspace       used 121528K, capacity 124528K, committed 124720K, reserved 1157120K
  class space    used 15135K, capacity 16231K, committed 16256K, reserved 1048576K
}
Event: 730.081 GC heap after
{Heap after GC invocations=34 (full 0):
 garbage-first heap   total 262144K, used 198565K [0x0000000080000000, 0x0000000100000000)
  region size 1024K, 6 young (6144K), 6 survivors (6144K)
 Metaspace       used 121528K, capacity 124528K, committed 124720K, reserved 1157120K
  class space    used 15135K, capacity 16231K, committed 16256K, reserved 1048576K
}
Event: 730.121 GC heap before
{Heap before GC invocations=34 (full 0):
 garbage-first heap   total 262144K, used 204709K [0x0000000080000000, 0x0000000100000000)
  region size 1024K, 12 young (12288K), 6 survivors (6144K)
 Metaspace       used 121918K, capacity 125032K, committed 125104K, reserved 1159168K
  class space    used 15173K, capacity 16315K, committed 16384K, reserved 1048576K
}
Event: 730.126 GC heap after
{Heap after GC invocations=35 (full 0):
 garbage-first heap   total 262144K, used 196987K [0x0000000080000000, 0x0000000100000000)
  region size 1024K, 2 young (2048K), 2 survivors (2048K)
 Metaspace       used 121918K, capacity 125032K, committed 125104K, reserved 1159168K
  class space    used 15173K, capacity 16315K, committed 16384K, reserved 1048576K
}
Event: 730.155 GC heap before
{Heap before GC invocations=35 (full 0):
 garbage-first heap   total 262144K, used 200059K [0x0000000080000000, 0x0000000100000000)
  region size 1024K, 7 young (7168K), 2 survivors (2048K)
 Metaspace       used 122345K, capacity 125448K, committed 125616K, reserved 1159168K
  class space    used 15210K, capacity 16347K, committed 16384K, reserved 1048576K
}
Event: 730.157 GC heap after
{Heap after GC invocations=36 (full 0):
 garbage-first heap   total 262144K, used 197452K [0x0000000080000000, 0x0000000100000000)
  region size 1024K, 2 young (2048K), 2 survivors (2048K)
 Metaspace       used 122345K, capacity 125448K, committed 125616K, reserved 1159168K
  class space    used 15210K, capacity 16347K, committed 16384K, reserved 1048576K
}
Event: 730.418 GC heap before
{Heap before GC invocations=37 (full 0):
 garbage-first heap   total 262144K, used 231244K [0x0000000080000000, 0x0000000100000000)
  region size 1024K, 27 young (27648K), 2 survivors (2048K)
 Metaspace       used 124809K, capacity 127930K, committed 128176K, reserved 1161216K
  class space    used 15448K, capacity 16617K, committed 16640K, reserved 1048576K
}
Event: 730.423 GC heap after
{Heap after GC invocations=38 (full 0):
 garbage-first heap   total 262144K, used 202866K [0x0000000080000000, 0x0000000100000000)
  region size 1024K, 4 young (4096K), 4 survivors (4096K)
 Metaspace       used 124809K, capacity 127930K, committed 128176K, reserved 1161216K
  class space    used 15448K, capacity 16617K, committed 16640K, reserved 1048576K
}
Event: 730.503 GC heap before
{Heap before GC invocations=38 (full 0):
 garbage-first heap   total 262144K, used 210034K [0x0000000080000000, 0x0000000100000000)
  region size 1024K, 12 young (12288K), 4 survivors (4096K)
 Metaspace       used 124854K, capacity 127999K, committed 128176K, reserved 1161216K
  class space    used 15450K, capacity 16618K, committed 16640K, reserved 1048576K
}
Event: 730.508 GC heap after
{Heap after GC invocations=39 (full 0):
 garbage-first heap   total 262144K, used 201309K [0x0000000080000000, 0x0000000100000000)
  region size 1024K, 1 young (1024K), 1 survivors (1024K)
 Metaspace       used 124854K, capacity 127999K, committed 128176K, reserved 1161216K
  class space    used 15450K, capacity 16618K, committed 16640K, reserved 1048576K
}

