# JRE version: OpenJDK Runtime Environment (11.0.13) (build 11.0.13+0-b1751.21-8125866)
# Java VM: OpenJDK 64-Bit Server VM (11.0.13+0-b1751.21-8125866, mixed mode, tiered, compressed oops, g1 gc, windows-amd64)
Heap:
 garbage-first heap   total 346112K, used 278962K [0x0000000080000000, 0x0000000100000000)
  region size 1024K, 34 young (34816K), 7 survivors (7168K)
 Metaspace       used 134893K, capacity 138394K, committed 140080K, reserved 1171456K
  class space    used 16945K, capacity 18252K, committed 18944K, reserved 1048576K
GC Heap History (20 events):
Event: 17.070 GC heap before
{Heap before GC invocations=41 (full 0):
 garbage-first heap   total 346112K, used 298380K [0x0000000080000000, 0x0000000100000000)
  region size 1024K, 74 young (75776K), 3 survivors (3072K)
 Metaspace       used 129641K, capacity 132846K, committed 133040K, reserved 1165312K
  class space    used 16328K, capacity 17523K, committed 17536K, reserved 1048576K
}
Event: 17.075 GC heap after
{Heap after GC invocations=42 (full 0):
 garbage-first heap   total 346112K, used 231877K [0x0000000080000000, 0x0000000100000000)
  region size 1024K, 9 young (9216K), 9 survivors (9216K)
 Metaspace       used 129641K, capacity 132846K, committed 133040K, reserved 1165312K
  class space    used 16328K, capacity 17523K, committed 17536K, reserved 1048576K
}
Event: 17.261 GC heap before
{Heap before GC invocations=42 (full 0):
 garbage-first heap   total 346112K, used 298437K [0x0000000080000000, 0x0000000100000000)
  region size 1024K, 73 young (74752K), 9 survivors (9216K)
 Metaspace       used 134188K, capacity 138091K, committed 138288K, reserved 1169408K
  class space    used 17140K, capacity 18659K, committed 18688K, reserved 1048576K
}
Event: 17.270 GC heap after
{Heap after GC invocations=43 (full 0):
 garbage-first heap   total 346112K, used 239395K [0x0000000080000000, 0x0000000100000000)
  region size 1024K, 10 young (10240K), 10 survivors (10240K)
 Metaspace       used 134188K, capacity 138091K, committed 138288K, reserved 1169408K
  class space    used 17140K, capacity 18659K, committed 18688K, reserved 1048576K
}
Event: 17.437 GC heap before
{Heap before GC invocations=43 (full 0):
 garbage-first heap   total 346112K, used 294691K [0x0000000080000000, 0x0000000100000000)
  region size 1024K, 65 young (66560K), 10 survivors (10240K)
 Metaspace       used 135413K, capacity 139533K, committed 139824K, reserved 1171456K
  class space    used 17261K, capacity 18864K, committed 18944K, reserved 1048576K
}
Event: 17.442 GC heap after
{Heap after GC invocations=44 (full 0):
 garbage-first heap   total 346112K, used 241261K [0x0000000080000000, 0x0000000100000000)
  region size 1024K, 5 young (5120K), 5 survivors (5120K)
 Metaspace       used 135413K, capacity 139533K, committed 139824K, reserved 1171456K
  class space    used 17261K, capacity 18864K, committed 18944K, reserved 1048576K
}
Event: 17.560 GC heap before
{Heap before GC invocations=44 (full 0):
 garbage-first heap   total 346112K, used 289389K [0x0000000080000000, 0x0000000100000000)
  region size 1024K, 39 young (39936K), 5 survivors (5120K)
 Metaspace       used 135777K, capacity 139854K, committed 140080K, reserved 1171456K
  class space    used 17293K, capacity 18904K, committed 18944K, reserved 1048576K
}
Event: 17.563 GC heap after
{Heap after GC invocations=45 (full 0):
 garbage-first heap   total 346112K, used 255172K [0x0000000080000000, 0x0000000100000000)
  region size 1024K, 5 young (5120K), 5 survivors (5120K)
 Metaspace       used 135777K, capacity 139854K, committed 140080K, reserved 1171456K
  class space    used 17293K, capacity 18904K, committed 18944K, reserved 1048576K
}
Event: 17.812 GC heap before
{Heap before GC invocations=46 (full 0):
 garbage-first heap   total 346112K, used 263364K [0x0000000080000000, 0x0000000100000000)
  region size 1024K, 48 young (49152K), 5 survivors (5120K)
 Metaspace       used 134794K, capacity 138288K, committed 140080K, reserved 1171456K
  class space    used 16936K, capacity 18250K, committed 18944K, reserved 1048576K
}
Event: 17.823 GC heap after
{Heap after GC invocations=47 (full 0):
 garbage-first heap   total 346112K, used 219884K [0x0000000080000000, 0x0000000100000000)
  region size 1024K, 6 young (6144K), 6 survivors (6144K)
 Metaspace       used 134794K, capacity 138288K, committed 140080K, reserved 1171456K
  class space    used 16936K, capacity 18250K, committed 18944K, reserved 1048576K
}
Event: 17.843 GC heap before
{Heap before GC invocations=47 (full 0):
 garbage-first heap   total 346112K, used 229100K [0x0000000080000000, 0x0000000100000000)
  region size 1024K, 16 young (16384K), 6 survivors (6144K)
 Metaspace       used 134804K, capacity 138288K, committed 140080K, reserved 1171456K
  class space    used 16936K, capacity 18250K, committed 18944K, reserved 1048576K
}
Event: 17.850 GC heap after
{Heap after GC invocations=48 (full 0):
 garbage-first heap   total 346112K, used 190464K [0x0000000080000000, 0x0000000100000000)
  region size 1024K, 2 young (2048K), 2 survivors (2048K)
 Metaspace       used 134804K, capacity 138288K, committed 140080K, reserved 1171456K
  class space    used 16936K, capacity 18250K, committed 18944K, reserved 1048576K
}
Event: 17.919 GC heap before
{Heap before GC invocations=48 (full 0):
 garbage-first heap   total 346112K, used 204800K [0x0000000080000000, 0x0000000100000000)
  region size 1024K, 16 young (16384K), 2 survivors (2048K)
 Metaspace       used 134805K, capacity 138288K, committed 140080K, reserved 1171456K
  class space    used 16936K, capacity 18250K, committed 18944K, reserved 1048576K
}
Event: 17.931 GC heap after
{Heap after GC invocations=49 (full 0):
 garbage-first heap   total 346112K, used 174650K [0x0000000080000000, 0x0000000100000000)
  region size 1024K, 2 young (2048K), 2 survivors (2048K)
 Metaspace       used 134805K, capacity 138288K, committed 140080K, reserved 1171456K
  class space    used 16936K, capacity 18250K, committed 18944K, reserved 1048576K
}
Event: 18.512 GC heap before
{Heap before GC invocations=49 (full 0):
 garbage-first heap   total 346112K, used 266810K [0x0000000080000000, 0x0000000100000000)
  region size 1024K, 89 young (91136K), 2 survivors (2048K)
 Metaspace       used 134810K, capacity 138288K, committed 140080K, reserved 1171456K
  class space    used 16936K, capacity 18250K, committed 18944K, reserved 1048576K
}
Event: 18.528 GC heap after
{Heap after GC invocations=50 (full 0):
 garbage-first heap   total 346112K, used 207872K [0x0000000080000000, 0x0000000100000000)
  region size 1024K, 12 young (12288K), 12 survivors (12288K)
 Metaspace       used 134810K, capacity 138288K, committed 140080K, reserved 1171456K
  class space    used 16936K, capacity 18250K, committed 18944K, reserved 1048576K
}
Event: 19.360 GC heap before
{Heap before GC invocations=50 (full 0):
 garbage-first heap   total 346112K, used 289792K [0x0000000080000000, 0x0000000100000000)
  region size 1024K, 74 young (75776K), 12 survivors (12288K)
 Metaspace       used 134853K, capacity 138323K, committed 140080K, reserved 1171456K
  class space    used 16936K, capacity 18250K, committed 18944K, reserved 1048576K
}
Event: 19.374 GC heap after
{Heap after GC invocations=51 (full 0):
 garbage-first heap   total 346112K, used 236170K [0x0000000080000000, 0x0000000100000000)
  region size 1024K, 9 young (9216K), 9 survivors (9216K)
 Metaspace       used 134853K, capacity 138323K, committed 140080K, reserved 1171456K
  class space    used 16936K, capacity 18250K, committed 18944K, reserved 1048576K
}
Event: 19.551 GC heap before
{Heap before GC invocations=51 (full 0):
 garbage-first heap   total 346112K, used 293514K [0x0000000080000000, 0x0000000100000000)
  region size 1024K, 56 young (57344K), 9 survivors (9216K)
 Metaspace       used 134854K, capacity 138323K, committed 140080K, reserved 1171456K
  class space    used 16936K, capacity 18250K, committed 18944K, reserved 1048576K
}
Event: 19.560 GC heap after
{Heap after GC invocations=52 (full 0):
 garbage-first heap   total 346112K, used 252338K [0x0000000080000000, 0x0000000100000000)
  region size 1024K, 7 young (7168K), 7 survivors (7168K)
 Metaspace       used 134854K, capacity 138323K, committed 140080K, reserved 1171456K
  class space    used 16936K, capacity 18250K, committed 18944K, reserved 1048576K
}

